#! /opt/homebrew/Cellar/icarus-verilog/12.0/bin/vvp
:ivl_version "12.0 (stable)";
:ivl_delay_selection "TYPICAL";
:vpi_time_precision - 12;
:vpi_module "/opt/homebrew/Cellar/icarus-verilog/12.0/lib/ivl/system.vpi";
:vpi_module "/opt/homebrew/Cellar/icarus-verilog/12.0/lib/ivl/vhdl_sys.vpi";
:vpi_module "/opt/homebrew/Cellar/icarus-verilog/12.0/lib/ivl/vhdl_textio.vpi";
:vpi_module "/opt/homebrew/Cellar/icarus-verilog/12.0/lib/ivl/v2005_math.vpi";
:vpi_module "/opt/homebrew/Cellar/icarus-verilog/12.0/lib/ivl/va_math.vpi";
:vpi_module "/opt/homebrew/Cellar/icarus-verilog/12.0/lib/ivl/v2009.vpi";
S_0x130f04990 .scope package, "$unit" "$unit" 2 1;
 .timescale 0 0;
S_0x130f04b00 .scope module, "top_tb" "top_tb" 3 3;
 .timescale -9 -12;
P_0x130f154b0 .param/l "CLK_PERIOD" 1 3 8, +C4<00000000000000000000000000001010>;
P_0x130f154f0 .param/l "TEST_MIN" 1 3 9, +C4<00000000000000000000000000000000>;
P_0x130f15530 .param/l "TEST_SEC" 1 3 10, +C4<00000000000000000000000000011110>;
v0x130f271d0_0 .var "adjust", 0 0;
v0x130f27280_0 .net "anode", 3 0, v0x130f26450_0;  1 drivers
v0x130f27330_0 .var "clk", 0 0;
v0x130f27420_0 .var/i "exp_min", 31 0;
v0x130f274b0_0 .var/i "exp_sec", 31 0;
v0x130f27580_0 .var "pause", 0 0;
v0x130f27610_0 .var "reset", 0 0;
v0x130f276e0_0 .var/i "sec_count", 31 0;
v0x130f27770_0 .net "seg", 6 0, v0x130f26e00_0;  1 drivers
v0x130f278a0_0 .var "select", 0 0;
E_0x130f06360 .event posedge, v0x130f25d90_0;
E_0x130f054e0 .event posedge, v0x130f25e30_0;
S_0x130f15570 .scope module, "dut" "top" 3 27, 4 4 0, S_0x130f04b00;
 .timescale 0 0;
    .port_info 0 /INPUT 1 "clk";
    .port_info 1 /INPUT 1 "reset";
    .port_info 2 /INPUT 1 "pause";
    .port_info 3 /INPUT 1 "adjust";
    .port_info 4 /INPUT 1 "select";
    .port_info 5 /OUTPUT 7 "seg";
    .port_info 6 /OUTPUT 4 "anode";
v0x130f26100_0 .var "MinL", 3 0;
v0x130f26190_0 .var "MinR", 3 0;
v0x130f26220_0 .var "SecL", 3 0;
v0x130f262c0_0 .var "SecR", 3 0;
v0x130f26370_0 .net "adjust", 0 0, v0x130f271d0_0;  1 drivers
v0x130f26450_0 .var "anode", 3 0;
v0x130f26500_0 .net "clk", 0 0, v0x130f27330_0;  1 drivers
v0x130f26590_0 .var "display", 3 0;
v0x130f26630_0 .net "en_10hz", 0 0, v0x130f25cf0_0;  1 drivers
v0x130f26760_0 .net "en_1hz", 0 0, v0x130f25d90_0;  1 drivers
v0x130f267f0_0 .net "en_2hz", 0 0, v0x130f25e30_0;  1 drivers
v0x130f26880_0 .net "en_400hz", 0 0, v0x130f25ed0_0;  1 drivers
v0x130f26930_0 .var/i "newMinL", 31 0;
v0x130f269c0_0 .var/i "newMinR", 31 0;
v0x130f26a50_0 .var/i "newSecL", 31 0;
v0x130f26b00_0 .var/i "newSecR", 31 0;
v0x130f26bb0_0 .net "pause", 0 0, v0x130f27580_0;  1 drivers
v0x130f26d50_0 .net "reset", 0 0, v0x130f27610_0;  1 drivers
v0x130f26e00_0 .var "seg", 6 0;
v0x130f26e90_0 .net "select", 0 0, v0x130f278a0_0;  1 drivers
S_0x130f15790 .scope module, "clkenbl" "enable_gen" 4 23, 5 1 0, S_0x130f15570;
 .timescale 0 0;
    .port_info 0 /INPUT 1 "clk_100mhz";
    .port_info 1 /INPUT 1 "reset";
    .port_info 2 /OUTPUT 1 "en_1hz";
    .port_info 3 /OUTPUT 1 "en_2hz";
    .port_info 4 /OUTPUT 1 "en_10hz";
    .port_info 5 /OUTPUT 1 "en_400hz";
P_0x130f15900 .param/l "DIV_10HZ" 1 5 14, +C4<00000000000000000000000000000010>;
P_0x130f15940 .param/l "DIV_1HZ" 1 5 12, +C4<00000000000000000000000000001010>;
P_0x130f15980 .param/l "DIV_2HZ" 1 5 13, +C4<00000000000000000000000000000101>;
P_0x130f159c0 .param/l "DIV_400HZ" 1 5 15, +C4<00000000000000000000000000000001>;
v0x130f15ad0_0 .net "clk_100mhz", 0 0, v0x130f27330_0;  alias, 1 drivers
v0x130f25a60_0 .var "cnt_10hz", 1 0;
v0x130f25b00_0 .var "cnt_1hz", 4 0;
v0x130f25b90_0 .var "cnt_2hz", 3 0;
v0x130f25c20_0 .var "cnt_400hz", 0 0;
v0x130f25cf0_0 .var "en_10hz", 0 0;
v0x130f25d90_0 .var "en_1hz", 0 0;
v0x130f25e30_0 .var "en_2hz", 0 0;
v0x130f25ed0_0 .var "en_400hz", 0 0;
v0x130f25fe0_0 .net "reset", 0 0, v0x130f27610_0;  alias, 1 drivers
E_0x130f15a90 .event posedge, v0x130f25fe0_0, v0x130f15ad0_0;
S_0x130f26f70 .scope task, "hold_seconds" "hold_seconds" 3 51, 3 51 0, S_0x130f04b00;
 .timescale -9 -12;
v0x130f27140_0 .var/i "seconds", 31 0;
TD_top_tb.hold_seconds ;
    %load/vec4 v0x130f27140_0;
    %muli 1000000000, 0, 32;
    %pad/s 64;
    %muli 1000, 0, 64;
    %ix/vec4 4;
    %delayx 4;
    %end;
    .scope S_0x130f15790;
T_1 ;
    %wait E_0x130f15a90;
    %load/vec4 v0x130f25fe0_0;
    %flag_set/vec4 8;
    %jmp/0xz  T_1.0, 8;
    %pushi/vec4 0, 0, 5;
    %assign/vec4 v0x130f25b00_0, 0;
    %pushi/vec4 0, 0, 4;
    %assign/vec4 v0x130f25b90_0, 0;
    %pushi/vec4 0, 0, 2;
    %assign/vec4 v0x130f25a60_0, 0;
    %pushi/vec4 0, 0, 1;
    %assign/vec4 v0x130f25c20_0, 0;
    %pushi/vec4 0, 0, 1;
    %assign/vec4 v0x130f25d90_0, 0;
    %pushi/vec4 0, 0, 1;
    %assign/vec4 v0x130f25e30_0, 0;
    %pushi/vec4 0, 0, 1;
    %assign/vec4 v0x130f25cf0_0, 0;
    %pushi/vec4 0, 0, 1;
    %assign/vec4 v0x130f25ed0_0, 0;
    %jmp T_1.1;
T_1.0 ;
    %pushi/vec4 0, 0, 1;
    %assign/vec4 v0x130f25d90_0, 0;
    %pushi/vec4 0, 0, 1;
    %assign/vec4 v0x130f25e30_0, 0;
    %pushi/vec4 0, 0, 1;
    %assign/vec4 v0x130f25cf0_0, 0;
    %pushi/vec4 0, 0, 1;
    %assign/vec4 v0x130f25ed0_0, 0;
    %load/vec4 v0x130f25b00_0;
    %pad/u 32;
    %cmpi/e 9, 0, 32;
    %jmp/0xz  T_1.2, 4;
    %pushi/vec4 0, 0, 5;
    %assign/vec4 v0x130f25b00_0, 0;
    %pushi/vec4 1, 0, 1;
    %assign/vec4 v0x130f25d90_0, 0;
    %jmp T_1.3;
T_1.2 ;
    %load/vec4 v0x130f25b00_0;
    %addi 1, 0, 5;
    %assign/vec4 v0x130f25b00_0, 0;
T_1.3 ;
    %load/vec4 v0x130f25b90_0;
    %pad/u 32;
    %cmpi/e 4, 0, 32;
    %jmp/0xz  T_1.4, 4;
    %pushi/vec4 0, 0, 4;
    %assign/vec4 v0x130f25b90_0, 0;
    %pushi/vec4 1, 0, 1;
    %assign/vec4 v0x130f25e30_0, 0;
    %jmp T_1.5;
T_1.4 ;
    %load/vec4 v0x130f25b90_0;
    %addi 1, 0, 4;
    %assign/vec4 v0x130f25b90_0, 0;
T_1.5 ;
    %load/vec4 v0x130f25a60_0;
    %pad/u 32;
    %cmpi/e 1, 0, 32;
    %jmp/0xz  T_1.6, 4;
    %pushi/vec4 0, 0, 2;
    %assign/vec4 v0x130f25a60_0, 0;
    %pushi/vec4 1, 0, 1;
    %assign/vec4 v0x130f25cf0_0, 0;
    %jmp T_1.7;
T_1.6 ;
    %load/vec4 v0x130f25a60_0;
    %addi 1, 0, 2;
    %assign/vec4 v0x130f25a60_0, 0;
T_1.7 ;
    %load/vec4 v0x130f25c20_0;
    %pad/u 32;
    %cmpi/e 0, 0, 32;
    %jmp/0xz  T_1.8, 4;
    %pushi/vec4 0, 0, 1;
    %assign/vec4 v0x130f25c20_0, 0;
    %pushi/vec4 1, 0, 1;
    %assign/vec4 v0x130f25ed0_0, 0;
    %jmp T_1.9;
T_1.8 ;
    %load/vec4 v0x130f25c20_0;
    %pad/u 2;
    %addi 1, 0, 2;
    %pad/u 1;
    %assign/vec4 v0x130f25c20_0, 0;
T_1.9 ;
T_1.1 ;
    %jmp T_1;
    .thread T_1;
    .scope S_0x130f15570;
T_2 ;
    %wait E_0x130f15a90;
    %load/vec4 v0x130f26d50_0;
    %flag_set/vec4 8;
    %jmp/0xz  T_2.0, 8;
    %pushi/vec4 0, 0, 4;
    %assign/vec4 v0x130f26100_0, 0;
    %pushi/vec4 0, 0, 4;
    %assign/vec4 v0x130f26190_0, 0;
    %pushi/vec4 0, 0, 4;
    %assign/vec4 v0x130f26220_0, 0;
    %pushi/vec4 0, 0, 4;
    %assign/vec4 v0x130f262c0_0, 0;
    %pushi/vec4 8, 0, 4;
    %assign/vec4 v0x130f26450_0, 0;
    %pushi/vec4 0, 0, 4;
    %assign/vec4 v0x130f26590_0, 0;
    %pushi/vec4 126, 0, 7;
    %assign/vec4 v0x130f26e00_0, 0;
    %jmp T_2.1;
T_2.0 ;
    %load/vec4 v0x130f26bb0_0;
    %nor/r;
    %flag_set/vec4 8;
    %jmp/0xz  T_2.2, 8;
    %load/vec4 v0x130f26370_0;
    %pad/u 32;
    %cmpi/e 0, 0, 32;
    %jmp/0xz  T_2.4, 4;
    %load/vec4 v0x130f26760_0;
    %flag_set/vec4 8;
    %jmp/0xz  T_2.6, 8;
    %load/vec4 v0x130f262c0_0;
    %pad/u 32;
    %addi 1, 0, 32;
    %store/vec4 v0x130f26b00_0, 0, 32;
    %load/vec4 v0x130f26220_0;
    %pad/u 32;
    %store/vec4 v0x130f26a50_0, 0, 32;
    %load/vec4 v0x130f26190_0;
    %pad/u 32;
    %store/vec4 v0x130f269c0_0, 0, 32;
    %load/vec4 v0x130f26100_0;
    %pad/u 32;
    %store/vec4 v0x130f26930_0, 0, 32;
    %load/vec4 v0x130f26b00_0;
    %cmpi/e 10, 0, 32;
    %jmp/0xz  T_2.8, 4;
    %pushi/vec4 0, 0, 32;
    %store/vec4 v0x130f26b00_0, 0, 32;
    %load/vec4 v0x130f26a50_0;
    %addi 1, 0, 32;
    %store/vec4 v0x130f26a50_0, 0, 32;
T_2.8 ;
    %load/vec4 v0x130f26a50_0;
    %cmpi/e 6, 0, 32;
    %jmp/0xz  T_2.10, 4;
    %pushi/vec4 0, 0, 32;
    %store/vec4 v0x130f26a50_0, 0, 32;
    %load/vec4 v0x130f269c0_0;
    %addi 1, 0, 32;
    %store/vec4 v0x130f269c0_0, 0, 32;
T_2.10 ;
    %load/vec4 v0x130f269c0_0;
    %cmpi/e 10, 0, 32;
    %jmp/0xz  T_2.12, 4;
    %pushi/vec4 0, 0, 32;
    %store/vec4 v0x130f269c0_0, 0, 32;
    %load/vec4 v0x130f26930_0;
    %addi 1, 0, 32;
    %store/vec4 v0x130f26930_0, 0, 32;
T_2.12 ;
    %load/vec4 v0x130f26930_0;
    %cmpi/e 6, 0, 32;
    %jmp/0xz  T_2.14, 4;
    %pushi/vec4 0, 0, 32;
    %store/vec4 v0x130f26930_0, 0, 32;
T_2.14 ;
    %load/vec4 v0x130f26b00_0;
    %pad/s 4;
    %assign/vec4 v0x130f262c0_0, 0;
    %load/vec4 v0x130f26a50_0;
    %pad/s 4;
    %assign/vec4 v0x130f26220_0, 0;
    %load/vec4 v0x130f269c0_0;
    %pad/s 4;
    %assign/vec4 v0x130f26190_0, 0;
    %load/vec4 v0x130f26930_0;
    %pad/s 4;
    %assign/vec4 v0x130f26100_0, 0;
T_2.6 ;
    %jmp T_2.5;
T_2.4 ;
    %load/vec4 v0x130f267f0_0;
    %flag_set/vec4 8;
    %jmp/0xz  T_2.16, 8;
    %load/vec4 v0x130f26e90_0;
    %pad/u 32;
    %cmpi/e 0, 0, 32;
    %jmp/0xz  T_2.18, 4;
    %load/vec4 v0x130f26190_0;
    %pad/u 32;
    %addi 1, 0, 32;
    %store/vec4 v0x130f269c0_0, 0, 32;
    %load/vec4 v0x130f26100_0;
    %pad/u 32;
    %store/vec4 v0x130f26930_0, 0, 32;
    %load/vec4 v0x130f269c0_0;
    %cmpi/e 10, 0, 32;
    %jmp/0xz  T_2.20, 4;
    %pushi/vec4 0, 0, 32;
    %store/vec4 v0x130f269c0_0, 0, 32;
    %load/vec4 v0x130f26930_0;
    %addi 1, 0, 32;
    %store/vec4 v0x130f26930_0, 0, 32;
T_2.20 ;
    %load/vec4 v0x130f26930_0;
    %cmpi/e 6, 0, 32;
    %jmp/0xz  T_2.22, 4;
    %pushi/vec4 0, 0, 32;
    %store/vec4 v0x130f26930_0, 0, 32;
T_2.22 ;
    %load/vec4 v0x130f269c0_0;
    %pad/s 4;
    %assign/vec4 v0x130f26190_0, 0;
    %load/vec4 v0x130f26930_0;
    %pad/s 4;
    %assign/vec4 v0x130f26100_0, 0;
    %jmp T_2.19;
T_2.18 ;
    %load/vec4 v0x130f262c0_0;
    %pad/u 32;
    %addi 1, 0, 32;
    %store/vec4 v0x130f26b00_0, 0, 32;
    %load/vec4 v0x130f26220_0;
    %pad/u 32;
    %store/vec4 v0x130f26a50_0, 0, 32;
    %load/vec4 v0x130f26b00_0;
    %cmpi/e 10, 0, 32;
    %jmp/0xz  T_2.24, 4;
    %pushi/vec4 0, 0, 32;
    %store/vec4 v0x130f26b00_0, 0, 32;
    %load/vec4 v0x130f26a50_0;
    %addi 1, 0, 32;
    %store/vec4 v0x130f26a50_0, 0, 32;
T_2.24 ;
    %load/vec4 v0x130f26a50_0;
    %cmpi/e 6, 0, 32;
    %jmp/0xz  T_2.26, 4;
    %pushi/vec4 0, 0, 32;
    %store/vec4 v0x130f26a50_0, 0, 32;
T_2.26 ;
    %load/vec4 v0x130f26b00_0;
    %pad/s 4;
    %assign/vec4 v0x130f262c0_0, 0;
    %load/vec4 v0x130f26a50_0;
    %pad/s 4;
    %assign/vec4 v0x130f26220_0, 0;
T_2.19 ;
T_2.16 ;
T_2.5 ;
T_2.2 ;
T_2.1 ;
    %load/vec4 v0x130f26880_0;
    %flag_set/vec4 8;
    %jmp/0xz  T_2.28, 8;
    %load/vec4 v0x130f26450_0;
    %cmpi/e 8, 0, 4;
    %jmp/0xz  T_2.30, 4;
    %load/vec4 v0x130f26100_0;
    %assign/vec4 v0x130f26590_0, 0;
    %pushi/vec4 4, 0, 4;
    %assign/vec4 v0x130f26450_0, 0;
    %jmp T_2.31;
T_2.30 ;
    %load/vec4 v0x130f26450_0;
    %cmpi/e 4, 0, 4;
    %jmp/0xz  T_2.32, 4;
    %load/vec4 v0x130f26190_0;
    %assign/vec4 v0x130f26590_0, 0;
    %pushi/vec4 2, 0, 4;
    %assign/vec4 v0x130f26450_0, 0;
    %jmp T_2.33;
T_2.32 ;
    %load/vec4 v0x130f26450_0;
    %cmpi/e 2, 0, 4;
    %jmp/0xz  T_2.34, 4;
    %load/vec4 v0x130f26220_0;
    %assign/vec4 v0x130f26590_0, 0;
    %pushi/vec4 1, 0, 4;
    %assign/vec4 v0x130f26450_0, 0;
    %jmp T_2.35;
T_2.34 ;
    %load/vec4 v0x130f26450_0;
    %cmpi/e 1, 0, 4;
    %jmp/0xz  T_2.36, 4;
    %load/vec4 v0x130f262c0_0;
    %assign/vec4 v0x130f26590_0, 0;
    %pushi/vec4 8, 0, 4;
    %assign/vec4 v0x130f26450_0, 0;
T_2.36 ;
T_2.35 ;
T_2.33 ;
T_2.31 ;
    %load/vec4 v0x130f26590_0;
    %dup/vec4;
    %pushi/vec4 0, 0, 4;
    %cmp/u;
    %jmp/1 T_2.38, 6;
    %dup/vec4;
    %pushi/vec4 1, 0, 4;
    %cmp/u;
    %jmp/1 T_2.39, 6;
    %dup/vec4;
    %pushi/vec4 2, 0, 4;
    %cmp/u;
    %jmp/1 T_2.40, 6;
    %dup/vec4;
    %pushi/vec4 3, 0, 4;
    %cmp/u;
    %jmp/1 T_2.41, 6;
    %dup/vec4;
    %pushi/vec4 4, 0, 4;
    %cmp/u;
    %jmp/1 T_2.42, 6;
    %dup/vec4;
    %pushi/vec4 5, 0, 4;
    %cmp/u;
    %jmp/1 T_2.43, 6;
    %dup/vec4;
    %pushi/vec4 6, 0, 4;
    %cmp/u;
    %jmp/1 T_2.44, 6;
    %dup/vec4;
    %pushi/vec4 7, 0, 4;
    %cmp/u;
    %jmp/1 T_2.45, 6;
    %dup/vec4;
    %pushi/vec4 8, 0, 4;
    %cmp/u;
    %jmp/1 T_2.46, 6;
    %dup/vec4;
    %pushi/vec4 9, 0, 4;
    %cmp/u;
    %jmp/1 T_2.47, 6;
    %pushi/vec4 127, 0, 7;
    %store/vec4 v0x130f26e00_0, 0, 7;
    %jmp T_2.49;
T_2.38 ;
    %pushi/vec4 126, 0, 7;
    %store/vec4 v0x130f26e00_0, 0, 7;
    %jmp T_2.49;
T_2.39 ;
    %pushi/vec4 48, 0, 7;
    %store/vec4 v0x130f26e00_0, 0, 7;
    %jmp T_2.49;
T_2.40 ;
    %pushi/vec4 109, 0, 7;
    %store/vec4 v0x130f26e00_0, 0, 7;
    %jmp T_2.49;
T_2.41 ;
    %pushi/vec4 121, 0, 7;
    %store/vec4 v0x130f26e00_0, 0, 7;
    %jmp T_2.49;
T_2.42 ;
    %pushi/vec4 51, 0, 7;
    %store/vec4 v0x130f26e00_0, 0, 7;
    %jmp T_2.49;
T_2.43 ;
    %pushi/vec4 91, 0, 7;
    %store/vec4 v0x130f26e00_0, 0, 7;
    %jmp T_2.49;
T_2.44 ;
    %pushi/vec4 95, 0, 7;
    %store/vec4 v0x130f26e00_0, 0, 7;
    %jmp T_2.49;
T_2.45 ;
    %pushi/vec4 112, 0, 7;
    %store/vec4 v0x130f26e00_0, 0, 7;
    %jmp T_2.49;
T_2.46 ;
    %pushi/vec4 127, 0, 7;
    %store/vec4 v0x130f26e00_0, 0, 7;
    %jmp T_2.49;
T_2.47 ;
    %pushi/vec4 115, 0, 7;
    %store/vec4 v0x130f26e00_0, 0, 7;
    %jmp T_2.49;
T_2.49 ;
    %pop/vec4 1;
T_2.28 ;
    %jmp T_2;
    .thread T_2;
    .scope S_0x130f04b00;
T_3 ;
    %pushi/vec4 0, 0, 32;
    %store/vec4 v0x130f276e0_0, 0, 32;
    %pushi/vec4 0, 0, 32;
    %store/vec4 v0x130f274b0_0, 0, 32;
    %pushi/vec4 0, 0, 32;
    %store/vec4 v0x130f27420_0, 0, 32;
    %end;
    .thread T_3, $init;
    .scope S_0x130f04b00;
T_4 ;
    %vpi_call/w 3 39 "$dumpfile", "top_tb.vcd" {0 0 0};
    %vpi_call/w 3 40 "$dumpvars", 32'sb00000000000000000000000000000000, S_0x130f04b00 {0 0 0};
    %end;
    .thread T_4;
    .scope S_0x130f04b00;
T_5 ;
    %pushi/vec4 0, 0, 1;
    %store/vec4 v0x130f27330_0, 0, 1;
    %end;
    .thread T_5;
    .scope S_0x130f04b00;
T_6 ;
    %delay 5000, 0;
    %load/vec4 v0x130f27330_0;
    %inv;
    %store/vec4 v0x130f27330_0, 0, 1;
    %jmp T_6;
    .thread T_6;
    .scope S_0x130f04b00;
T_7 ;
    %pushi/vec4 1, 0, 1;
    %store/vec4 v0x130f27610_0, 0, 1;
    %pushi/vec4 1, 0, 1;
    %store/vec4 v0x130f27580_0, 0, 1;
    %pushi/vec4 1, 0, 1;
    %store/vec4 v0x130f271d0_0, 0, 1;
    %pushi/vec4 0, 0, 1;
    %store/vec4 v0x130f278a0_0, 0, 1;
    %delay 100000, 0;
    %pushi/vec4 0, 0, 1;
    %store/vec4 v0x130f27610_0, 0, 1;
    %vpi_call/w 3 72 "$display", "=== TEST START ===" {0 0 0};
    %vpi_call/w 3 73 "$display", "No inputs applied, running stopwatch..." {0 0 0};
    %pushi/vec4 3, 0, 32;
    %store/vec4 v0x130f27140_0, 0, 32;
    %fork TD_top_tb.hold_seconds, S_0x130f26f70;
    %join;
    %vpi_call/w 3 78 "$display", "=== TEST END ===" {0 0 0};
    %vpi_call/w 3 79 "$finish" {0 0 0};
    %end;
    .thread T_7;
    .scope S_0x130f04b00;
T_8 ;
    %wait E_0x130f054e0;
    %vpi_call/w 3 97 "$display", "EXPECTED %0d:%02d | DUT %0d%0d:%0d%0d", v0x130f27420_0, v0x130f274b0_0, v0x130f26100_0, v0x130f26190_0, v0x130f26220_0, v0x130f262c0_0 {0 0 0};
    %jmp T_8;
    .thread T_8;
    .scope S_0x130f04b00;
T_9 ;
    %wait E_0x130f06360;
    ; show_stmt_assign_vector: Get l-value for compressed += operand
    %load/vec4 v0x130f274b0_0;
    %pushi/vec4 1, 0, 32;
    %add;
    %store/vec4 v0x130f274b0_0, 0, 32;
    %load/vec4 v0x130f274b0_0;
    %cmpi/e 60, 0, 32;
    %jmp/0xz  T_9.0, 4;
    %pushi/vec4 0, 0, 32;
    %store/vec4 v0x130f274b0_0, 0, 32;
    ; show_stmt_assign_vector: Get l-value for compressed += operand
    %load/vec4 v0x130f27420_0;
    %pushi/vec4 1, 0, 32;
    %add;
    %store/vec4 v0x130f27420_0, 0, 32;
T_9.0 ;
    ; show_stmt_assign_vector: Get l-value for compressed += operand
    %load/vec4 v0x130f276e0_0;
    %pushi/vec4 1, 0, 32;
    %add;
    %store/vec4 v0x130f276e0_0, 0, 32;
    %load/vec4 v0x130f276e0_0;
    %cmpi/e 30, 0, 32;
    %jmp/0xz  T_9.2, 4;
    %vpi_call/w 3 121 "$display", "=== TEST END: %0d stopwatch seconds ===", v0x130f276e0_0 {0 0 0};
    %vpi_call/w 3 122 "$finish" {0 0 0};
T_9.2 ;
    %jmp T_9;
    .thread T_9;
# The file index is used to find the file name in the following table.
:file_names 6;
    "N/A";
    "<interactive>";
    "-";
    "tb/top_tb.v";
    "src/top.v";
    "src/enable_gen.v";
